Log file open, 07/02/16 01:12:50
LogInit:Display: Running engine for game: shad_speak_3
LogPlatformFile: Not using cached read wrapper
LogInit:Display: RandInit(-1349643128) SRandInit(-1349643125).
LogTaskGraph: Started task graph with 4 named threads and 7 total threads with 1 sets of task threads.
LogStats: Stats thread started at 0.117494
LogInit: Version: 4.12.4-3028348+++UE4+Release-4.12
LogInit: API Version: 2992821
LogInit: Net Version: 3028348
LogDevObjectVersion: Number of dev versions registered: 13
LogDevObjectVersion:   Dev-Blueprints (B0D832E4-1F89-4F0D-ACCF-7EB736FD4AA2): 3
LogDevObjectVersion:   Dev-Build (E1C64328-A22C-4D53-A36C-8E866417BD8C): 0
LogDevObjectVersion:   Dev-Core (375EC13C-06E4-48FB-B500-84F0262A717E): 1
LogDevObjectVersion:   Dev-Editor (E4B068ED-F494-42E9-A231-DA0B2E46BB41): 2
LogDevObjectVersion:   Dev-Framework (CFFC743F-43B0-4480-9391-14DF171D2073): 6
LogDevObjectVersion:   Dev-Mobile (B02B49B5-BB20-44E9-A304-32B752E40360): 0
LogDevObjectVersion:   Dev-Networking (A4E4105C-59A1-49B5-A7C5-40C4547EDFEE): 0
LogDevObjectVersion:   Dev-Online (39C831C9-5AE6-47DC-9A44-9C173E1C8E7C): 0
LogDevObjectVersion:   Dev-Physics (78F01B33-EBEA-4F98-B9B4-84EACCB95AA2): 0
LogDevObjectVersion:   Dev-Platform (6631380F-2D4D-43E0-8009-CF276956A95A): 0
LogDevObjectVersion:   Dev-Rendering (12F88B9F-8875-4AFC-A67C-D90C383ABD29): 2
LogDevObjectVersion:   Dev-Sequencer (7B5AE74C-D270-4C10-A958-57980B212A5A): 0
LogDevObjectVersion:   Dev-VR (D7296918-1DD6-4BDD-9DE2-64A83CC13884): 0
LogInit: Compiled (64-bit): Jun 27 2016 09:29:04
LogInit: Compiled with Visual C++: 19.00.23026.00
LogInit: Build Configuration: Development
LogInit: Branch Name: ++UE4+Release-4.12
LogInit: Command line: 
LogInit: Base directory: C:/Program Files (x86)/Epic Games/4.12/Engine/Binaries/Win64/
LogInit: Installed Engine Build: 1
LogInit: Using libcurl 7.41.0
LogInit:  - built for x86_64-pc-win32
LogInit:  - supports SSL with WinSSL
LogInit:  - other features:
LogInit:      CURL_VERSION_SSL
LogInit:      CURL_VERSION_IPV6
LogInit:      CURL_VERSION_ASYNCHDNS
LogInit:      CURL_VERSION_LARGEFILE
LogInit:      CURL_VERSION_IDN
LogInit:  CurlRequestOptions (configurable via config and command line):
LogInit:  - bVerifyPeer = true  - Libcurl will verify peer certificate
LogInit:  - bUseHttpProxy = false  - Libcurl will NOT use HTTP proxy
LogInit:  - bDontReuseConnections = false  - Libcurl will reuse connections
LogInit:  - CertBundlePath = nullptr  - Libcurl will use whatever was configured at build time.
LogInit: Presizing for max 8388607 objects, including 0 objects not considered by GC, pre-allocating 0 bytes for permanent pool.
LogInit: Object subsystem initialized
[2016.07.02-05.12.50:331][  0]LogInit: Selected Device Profile: [Windows]
[2016.07.02-05.12.50:331][  0]LogInit: Applying CVar settings loaded from the selected device profile: [Windows]
[2016.07.02-05.12.50:368][  0]LogInit: Computer: DESKTOP-HDUMQPG
[2016.07.02-05.12.50:368][  0]LogInit: User: dylan
[2016.07.02-05.12.50:368][  0]LogInit: CPU Page size=65536, Cores=4
[2016.07.02-05.12.50:368][  0]LogInit: High frequency timer resolution =2.435777 MHz
[2016.07.02-05.12.50:369][  0]LogMemory: Memory total: Physical=7.9GB (8GB approx)
[2016.07.02-05.12.50:369][  0]LogMemory: Platform Memory Stats for Windows
[2016.07.02-05.12.50:369][  0]LogMemory: Process Physical Memory: 191.54 MB used, 191.54 MB peak
[2016.07.02-05.12.50:369][  0]LogMemory: Process Virtual Memory: 195.09 MB used, 195.09 MB peak
[2016.07.02-05.12.50:369][  0]LogMemory: Physical Memory: 6944.78 MB used, 8104.27 MB total
[2016.07.02-05.12.50:369][  0]LogMemory: Virtual Memory: 554.44 MB used, 134217728.00 MB total
[2016.07.02-05.12.50:411][  0]LogTextLocalizationManager: No specific translations for ('en-US') exist, so ('en') translations will be used.
[2016.07.02-05.12.51:078][  0]LogD3D11RHI: D3D11 adapters:
[2016.07.02-05.12.51:112][  0]LogD3D11RHI:    0. 'NVIDIA GeForce GTX 860M ' (Feature Level 11_0)
[2016.07.02-05.12.51:112][  0]LogD3D11RHI:       1995/0/4052 MB DedicatedVideo/DedicatedSystem/SharedSystem, Outputs:2, VendorId:0x10de
[2016.07.02-05.12.51:122][  0]LogD3D11RHI:    1. 'Intel(R) HD Graphics 4600' (Feature Level 11_0)
[2016.07.02-05.12.51:122][  0]LogD3D11RHI:       112/0/4052 MB DedicatedVideo/DedicatedSystem/SharedSystem, Outputs:0, VendorId:0x8086
[2016.07.02-05.12.51:125][  0]LogD3D11RHI:    2. 'Microsoft Basic Render Driver' (Feature Level 11_0)
[2016.07.02-05.12.51:125][  0]LogD3D11RHI:       0/0/4052 MB DedicatedVideo/DedicatedSystem/SharedSystem, Outputs:0, VendorId:0x1414
[2016.07.02-05.12.51:125][  0]LogD3D11RHI: Chosen D3D11 Adapter: 0
[2016.07.02-05.12.51:141][  0]LogD3D11RHI: Creating new Direct3DDevice
[2016.07.02-05.12.51:141][  0]LogD3D11RHI:     GPU DeviceId: 0x1392 (for the marketing name, search the web for "GPU Device Id")
[2016.07.02-05.12.51:141][  0]LogWindows: EnumDisplayDevices:
[2016.07.02-05.12.51:141][  0]LogWindows:    0. 'Intel(R) HD Graphics 4600' (P:1 D:1)
[2016.07.02-05.12.51:142][  0]LogWindows:    1. 'Intel(R) HD Graphics 4600' (P:0 D:1)
[2016.07.02-05.12.51:142][  0]LogWindows:    2. 'Intel(R) HD Graphics 4600' (P:0 D:0)
[2016.07.02-05.12.51:143][  0]LogWindows: DebugString: PrimaryIsNotTheChoosenAdapter PrimaryIsNotTheChoosenAdapter PrimaryIsNotTheChoosenAdapter FoundDriverCount:0 
[2016.07.02-05.12.51:143][  0]LogD3D11RHI:     Adapter Name: NVIDIA GeForce GTX 860M 
[2016.07.02-05.12.51:143][  0]LogD3D11RHI:   Driver Version: Unknown (internal:Unknown, unified:Unknown)
[2016.07.02-05.12.51:143][  0]LogD3D11RHI:      Driver Date: Unknown
[2016.07.02-05.12.51:143][  0]LogRHI: Texture pool is 1361 MB (70% of 1945 MB)
[2016.07.02-05.12.51:174][  0]LogD3D11RHI: Async texture creation enabled
[2016.07.02-05.12.51:186][  0]LogD3D11RHI: GPU Timing Frequency: 1000.000000 (Debug: 2 1)
[2016.07.02-05.12.51:188][  0]LogShaderCompilers: Guid format shader working directory is -31 characters bigger than the processId version (../../../../../../Users/dylan/OneDrive/Documents/Unreal Projects/shad_speak_3/Intermediate/Shaders/WorkingDirectory/8044/).
[2016.07.02-05.12.51:188][  0]LogShaderCompilers: Cleaned the shader compiler working directory 'C:/Users/dylan/AppData/Local/Temp/UnrealShaderWorkingDir/2443CC2B414AF9DED478698E785D4680/'.
[2016.07.02-05.12.51:188][  0]LogShaderCompilers:Display: Using Local Shader Compiler.
[2016.07.02-05.12.52:919][  0]LogTemp:Display: Loaded TP AllDesktopTargetPlatform
[2016.07.02-05.12.52:937][  0]LogTemp:Display: Loaded TP WindowsClientTargetPlatform
[2016.07.02-05.12.52:955][  0]LogTemp:Display: Loaded TP WindowsNoEditorTargetPlatform
[2016.07.02-05.12.52:973][  0]LogTemp:Display: Loaded TP WindowsServerTargetPlatform
[2016.07.02-05.12.52:991][  0]LogTemp:Display: Loaded TP WindowsTargetPlatform
[2016.07.02-05.12.53:006][  0]LogTemp:Display: Loaded TP AndroidTargetPlatform
[2016.07.02-05.12.53:020][  0]LogTemp:Display: Loaded TP Android_ASTCTargetPlatform
[2016.07.02-05.12.53:041][  0]LogTemp:Display: Loaded TP Android_ATCTargetPlatform
[2016.07.02-05.12.53:065][  0]LogTemp:Display: Loaded TP Android_DXTTargetPlatform
[2016.07.02-05.12.53:086][  0]LogTemp:Display: Loaded TP Android_ETC1TargetPlatform
[2016.07.02-05.12.53:100][  0]LogTemp:Display: Loaded TP Android_ETC2TargetPlatform
[2016.07.02-05.12.53:129][  0]LogTemp:Display: Loaded TP Android_MultiTargetPlatform
[2016.07.02-05.12.53:129][  0]LogTemp:Display: Loaded TP Android_PVRTCTargetPlatform
[2016.07.02-05.12.53:130][  0]LogTemp:Display: Loaded TP HTML5TargetPlatform
[2016.07.02-05.12.53:162][  0]LogTemp:Display: Loaded TP IOSTargetPlatform
[2016.07.02-05.12.53:177][  0]LogTemp:Display: Loaded TP TVOSTargetPlatform
[2016.07.02-05.12.53:191][  0]LogTemp:Display: Loaded TP LinuxNoEditorTargetPlatform
[2016.07.02-05.12.53:206][  0]LogTemp:Display: Loaded TP LinuxServerTargetPlatform
[2016.07.02-05.12.53:220][  0]LogTemp:Display: Loaded TP LinuxTargetPlatform
[2016.07.02-05.12.53:220][  0]LogTargetPlatformManager:Display: Building Assets For Windows
[2016.07.02-05.12.53:428][  0]LogDerivedDataCache:Display: Max Cache Size: 512 MB
[2016.07.02-05.12.53:559][  0]LogDerivedDataCache: Loaded boot cache 0.09s 48MB C:/Users/dylan/AppData/Local/UnrealEngine/4.12/DerivedDataCache/Boot.ddc.
[2016.07.02-05.12.53:560][  0]LogDerivedDataCache:Display: Loaded Boot cache: C:/Users/dylan/AppData/Local/UnrealEngine/4.12/DerivedDataCache/Boot.ddc
[2016.07.02-05.12.53:561][  0]LogDerivedDataCache: FDerivedDataBackendGraph:  Pak pak cache file ../../../../../../Users/dylan/OneDrive/Documents/Unreal Projects/shad_speak_3/DerivedDataCache/DDC.ddp not found, will not use a pak cache.
[2016.07.02-05.12.53:561][  0]LogDerivedDataCache: Unable to find inner node Pak for hierarchical cache Hierarchy.
[2016.07.02-05.12.53:561][  0]LogDerivedDataCache: FDerivedDataBackendGraph:  CompressedPak pak cache file ../../../../../../Users/dylan/OneDrive/Documents/Unreal Projects/shad_speak_3/DerivedDataCache/Compressed.ddp not found, will not use a pak cache.
[2016.07.02-05.12.53:561][  0]LogDerivedDataCache: Unable to find inner node CompressedPak for hierarchical cache Hierarchy.
[2016.07.02-05.12.53:592][  0]LogDerivedDataCache:Display: Pak cache opened for reading ../../../Engine/DerivedDataCache/Compressed.ddp.
[2016.07.02-05.12.53:604][  0]LogDerivedDataCache: Using Local data cache path C:/Users/dylan/AppData/Local/UnrealEngine/Common/DerivedDataCache: Writable
[2016.07.02-05.12.53:914][  0]LogInit: Selected Device Profile: [Windows]
[2016.07.02-05.12.53:915][  0]LogContentStreaming: Texture pool size is 0.00 MB
[2016.07.02-05.12.54:218][  0]LogMeshUtilities: No automatic mesh reduction module available
[2016.07.02-05.12.54:218][  0]LogMeshUtilities: No automatic mesh merging module available
[2016.07.02-05.12.54:218][  0]LogMeshUtilities: No distributed automatic mesh merging module available
[2016.07.02-05.12.54:666][  0]LogAssetRegistry: FAssetRegistry took 0.0219 seconds to start up
[2016.07.02-05.12.54:736][  0]LogPackageLocalizationCache: Processed 3 localized package path(s) for 2 prioritized culture(s) in 0.062076 seconds
[2016.07.02-05.12.54:748][  0]LogUObjectArray: 28739 objects as part of root set at end of initial load.
[2016.07.02-05.12.54:748][  0]LogUObjectAllocator: 5855624 out of 0 bytes used by permanent object pool.
[2016.07.02-05.12.54:748][  0]LogUObjectArray: CloseDisregardForGC: 0/0 objects in disregard for GC pool
[2016.07.02-05.12.54:770][  0]LogInit: WinSock: version 1.1 (2.2), MaxSocks=32767, MaxUdp=65467
[2016.07.02-05.12.55:160][  0]LogSlate: SlateFontCache - WITH_FREETYPE: 1, WITH_HARFBUZZ: 1
[2016.07.02-05.12.55:161][  0]LogSlate: SlateFontCache - WITH_FREETYPE: 1, WITH_HARFBUZZ: 1
[2016.07.02-05.12.56:629][  0]LogUdpMessaging: Initializing bridge on interface 0.0.0.0:0 to multicast group 230.0.0.1:6666.
[2016.07.02-05.12.57:065][  0]SourceControl: Info Source control is disabled
[2016.07.02-05.12.57:067][  0]SourceControl: Info Source control is disabled
[2016.07.02-05.12.57:091][  0]SourceControl: Info Source control is disabled
[2016.07.02-05.12.57:119][  0]SourceControl: Info Source control is disabled
[2016.07.02-05.12.57:733][  0]LogEngine: Initializing Engine...
[2016.07.02-05.12.57:734][  0]LogHMD: SteamVR failed to initialize.  Err: 110
[2016.07.02-05.12.57:735][  0]LogHMD: SteamVR failed to initialize.  Err: 110
[2016.07.02-05.12.58:005][  0]LogAIModule: Creating AISystem for world NewWorld
[2016.07.02-05.12.58:014][  0]LogInit: XAudio2 using 'Speakers (Realtek High Definition Audio)' : 2 channels at 48 kHz using 32 bits per sample (channel mask 0x3)
[2016.07.02-05.12.58:041][  0]LogInit: FAudioDevice initialized.
[2016.07.02-05.12.58:433][  0]LogDerivedDataCache: Saved boot cache 0.39s 48MB C:/Users/dylan/AppData/Local/UnrealEngine/4.12/DerivedDataCache/Boot.ddc.
[2016.07.02-05.12.58:440][  0]LogInit: Texture streaming: Enabled
[2016.07.02-05.12.58:493][  0]LogInit: Transaction tracking system initialized
[2016.07.02-05.12.58:554][  0]BlueprintLog: New page: Editor Load
[2016.07.02-05.12.58:730][  0]LocalizationService: Info Localization service is disabled
[2016.07.02-05.12.58:856][  0]LogConsoleResponse:Display: 
[2016.07.02-05.12.59:043][  0]LogCook:Display: Max memory allowance for cook 8192mb
[2016.07.02-05.12.59:043][  0]LogCook:Display: Mobile HDR setting 1
[2016.07.02-05.12.59:271][  0]LogFileCache: Scanning file cache for directory 'C:/Users/dylan/OneDrive/Documents/Unreal Projects/shad_speak_3/Content/' took 0.02s
[2016.07.02-05.12.59:271][  0]SourceControl: Info Source control is disabled
[2016.07.02-05.12.59:271][  0]Cmd: MAP LOAD FILE="../../../../../../Users/dylan/OneDrive/Documents/Unreal Projects/shad_speak_3/Content/SideScrollerBP/Maps/SideScrollerExampleMap.umap" TEMPLATE=0 SHOWPROGRESS=1 FEATURELEVEL=3
[2016.07.02-05.12.59:272][  0]LightingResults: New page: Lighting Build
[2016.07.02-05.12.59:279][  0]MapCheck: New page: Map Check
[2016.07.02-05.12.59:279][  0]LightingResults: New page: Lighting Build
[2016.07.02-05.12.59:952][  0]LogAIModule: Creating AISystem for world SideScrollerExampleMap
[2016.07.02-05.12.59:977][  0]LogEditorServer: Finished looking for orphan Actors (0.000 secs)
[2016.07.02-05.12.59:979][  0]Cmd: MAP CHECKDEP NOCLEARLOG
[2016.07.02-05.13.00:071][  0]MapCheck: Info Map check complete: 0 Error(s), 0 Warning(s), took 92.27ms to complete.
[2016.07.02-05.13.00:071][  0]LogFileHelpers: Loading map 'SideScrollerExampleMap' took 0.801
[2016.07.02-05.13.00:303][  0]LogCollectionManager: Loaded 0 collections in 0.004772 seconds
[2016.07.02-05.13.00:362][  0]LogFileCache: Scanning file cache for directory 'C:/Users/dylan/OneDrive/Documents/Unreal Projects/shad_speak_3/Saved/Collections/' took 0.01s
[2016.07.02-05.13.00:362][  0]LogFileCache: Scanning file cache for directory 'C:/Users/dylan/OneDrive/Documents/Unreal Projects/shad_speak_3/Content/Developers/dylan/Collections/' took 0.01s
[2016.07.02-05.13.00:362][  0]LogFileCache: Scanning file cache for directory 'C:/Users/dylan/OneDrive/Documents/Unreal Projects/shad_speak_3/Content/Collections/' took 0.01s
[2016.07.02-05.13.00:362][  0]LogCollectionManager: Rebuilt the GUID cache for 0 collections in 0.000005 seconds
[2016.07.02-05.13.00:379][  0]LogContentBrowser: Native class hierarchy populated in 0.0165 seconds. Added 2047 classes and 369 folders.
[2016.07.02-05.13.00:389][  0]LogStats: UGameplayTagsManager::ConstructGameplayTagTree: Construct from data asset -  0.000 s
[2016.07.02-05.13.00:389][  0]LogStats: UGameplayTagsManager::ConstructGameplayTagTree: GameplayTagTreeChangedEvent.Broadcast -  0.000 s
[2016.07.02-05.13.00:390][  0]LogContentBrowser: Native class hierarchy updated for 'GameplayTags' in 0.0011 seconds. Added 12 classes and 0 folders.
[2016.07.02-05.13.00:403][  0]LogContentBrowser: Native class hierarchy updated for 'WidgetCarousel' in 0.0006 seconds. Added 0 classes and 0 folders.
[2016.07.02-05.13.00:487][  0]LogContentBrowser: Native class hierarchy updated for 'AddContentDialog' in 0.0007 seconds. Added 0 classes and 0 folders.
[2016.07.02-05.13.00:499][  0]LogContentBrowser: Native class hierarchy updated for 'SceneOutliner' in 0.0007 seconds. Added 1 classes and 2 folders.
[2016.07.02-05.13.00:537][  0]LogCrashTracker: Crashtracker disabled due to settings.
[2016.07.02-05.13.00:551][  0]LogUObjectGlobals:Warning: Failed to find object 'Class None.'
[2016.07.02-05.13.00:587][  0]LogContentBrowser: Native class hierarchy updated for 'HierarchicalLODOutliner' in 0.0007 seconds. Added 1 classes and 2 folders.
[2016.07.02-05.13.00:587][  0]LogLoad: Full Startup: 11.62 seconds (BP compile: 0.16 seconds)
[2016.07.02-05.13.00:587][  0]LogExternalProfiler: No external profilers were discovered.  External profiling features will not be available.
[2016.07.02-05.13.00:606][  0]LogWindowsTextInputMethodSystem:Display: IME system now deactivated.
[2016.07.02-05.13.00:607][  0]LogOcInput: OculusInput pre-init called
[2016.07.02-05.13.00:637][  0]LogContentStreaming: Texture pool size now 1000 MB
[2016.07.02-05.13.00:954][  0]LogRenderer: Reallocating scene render targets to support 1208x568 (Frame:2).
[2016.07.02-05.13.01:191][  3]LogAssetRegistry: Asset discovery search completed in 6.5467 seconds
[2016.07.02-05.13.01:191][  3]LogCollectionManager: Rebuilt the object cache for 0 collections in 0.000004 seconds (found 0 objects)
[2016.07.02-05.13.01:191][  3]LogCollectionManager: Fixed up redirectors for 0 collections in 0.000075 seconds (updated 0 objects)
[2016.07.02-05.13.11:499][545]LogEditorViewport: Clicking on Actor (LMB): LightmassImportanceVolume (LightmassImportanceVolume)
[2016.07.02-05.13.12:187][568]LogEditorViewport: Clicking on Actor (context menu): StaticMeshActor (hill)
[2016.07.02-05.13.13:071][599]LogEditorViewport: Clicking on Actor (LMB): StaticMeshActor (hill)
[2016.07.02-05.13.28:348][240]LogBlueprintUserMessages: Early PlayInEditor Detection: Level '/Game/SideScrollerBP/Maps/SideScrollerExampleMap.SideScrollerExampleMap:PersistentLevel' has LevelScriptBlueprint '/Game/SideScrollerBP/Maps/SideScrollerExampleMap.SideScrollerExampleMap:PersistentLevel.SideScrollerExampleMap' with GeneratedClass '/Game/SideScrollerBP/Maps/SideScrollerExampleMap.SideScrollerExampleMap_C' with ClassGeneratedBy '/Game/SideScrollerBP/Maps/SideScrollerExampleMap.SideScrollerExampleMap:PersistentLevel.SideScrollerExampleMap'
[2016.07.02-05.13.28:349][240]LogPlayLevel: PlayLevel: No blueprints needed recompiling
[2016.07.02-05.13.28:353][240]PIE: New page: PIE session: SideScrollerExampleMap (Jul 1, 2016, 8:13:28 PM)
[2016.07.02-05.13.28:353][240]LogPlayLevel: Creating play world package: /Game/SideScrollerBP/Maps/UEDPIE_0_SideScrollerExampleMap
[2016.07.02-05.13.28:406][240]LogPlayLevel: PIE: StaticDuplicateObject took: (0.053312s)
[2016.07.02-05.13.28:408][240]LogAIModule: Creating AISystem for world SideScrollerExampleMap
[2016.07.02-05.13.28:408][240]LogPlayLevel: PIE: World Init took: (0.001240s)
[2016.07.02-05.13.28:408][240]LogPlayLevel: PIE: Created PIE world by copying editor world from /Game/SideScrollerBP/Maps/SideScrollerExampleMap.SideScrollerExampleMap to /Game/SideScrollerBP/Maps/UEDPIE_0_SideScrollerExampleMap.SideScrollerExampleMap (0.054995s)
[2016.07.02-05.13.28:451][240]LogInit: XAudio2 using 'Speakers (Realtek High Definition Audio)' : 2 channels at 48 kHz using 32 bits per sample (channel mask 0x3)
[2016.07.02-05.13.28:467][240]LogInit: FAudioDevice initialized.
[2016.07.02-05.13.28:565][240]LogWorld: Game class is 'SideScrollerGameMode_C'
[2016.07.02-05.13.28:571][240]LogWorld: Bringing World /Game/SideScrollerBP/Maps/UEDPIE_0_SideScrollerExampleMap.SideScrollerExampleMap up for play (max tick rate 60) at 2016.07.02-01.13.28
[2016.07.02-05.13.28:572][240]LogWorld: Bringing up level for play took: 0.004350
[2016.07.02-05.13.28:580][240]LogContentBrowser: Native class hierarchy updated for 'MovieSceneCapture' in 0.0009 seconds. Added 11 classes and 0 folders.
[2016.07.02-05.13.28:581][240]PIE: Info Play in editor start time for /Game/SideScrollerBP/Maps/UEDPIE_0_SideScrollerExampleMap -0.442
[2016.07.02-05.13.28:581][240]LogBlueprintUserMessages: Late PlayInEditor Detection: Level '/Game/SideScrollerBP/Maps/SideScrollerExampleMap.SideScrollerExampleMap:PersistentLevel' has LevelScriptBlueprint '/Game/SideScrollerBP/Maps/SideScrollerExampleMap.SideScrollerExampleMap:PersistentLevel.SideScrollerExampleMap' with GeneratedClass '/Game/SideScrollerBP/Maps/SideScrollerExampleMap.SideScrollerExampleMap_C' with ClassGeneratedBy '/Game/SideScrollerBP/Maps/SideScrollerExampleMap.SideScrollerExampleMap:PersistentLevel.SideScrollerExampleMap'
[2016.07.02-05.13.37:945][790]LogBlueprintUserMessages: Early EndPlayMap Detection: Level '/Game/SideScrollerBP/Maps/SideScrollerExampleMap.SideScrollerExampleMap:PersistentLevel' has LevelScriptBlueprint '/Game/SideScrollerBP/Maps/SideScrollerExampleMap.SideScrollerExampleMap:PersistentLevel.SideScrollerExampleMap' with GeneratedClass '/Game/SideScrollerBP/Maps/SideScrollerExampleMap.SideScrollerExampleMap_C' with ClassGeneratedBy '/Game/SideScrollerBP/Maps/SideScrollerExampleMap.SideScrollerExampleMap:PersistentLevel.SideScrollerExampleMap'
[2016.07.02-05.13.38:015][790]LogBlueprintUserMessages: Late EndPlayMap Detection: Level '/Game/SideScrollerBP/Maps/SideScrollerExampleMap.SideScrollerExampleMap:PersistentLevel' has LevelScriptBlueprint '/Game/SideScrollerBP/Maps/SideScrollerExampleMap.SideScrollerExampleMap:PersistentLevel.SideScrollerExampleMap' with GeneratedClass '/Game/SideScrollerBP/Maps/SideScrollerExampleMap.SideScrollerExampleMap_C' with ClassGeneratedBy '/Game/SideScrollerBP/Maps/SideScrollerExampleMap.SideScrollerExampleMap:PersistentLevel.SideScrollerExampleMap'
[2016.07.02-05.15.39:396][488]LogTexture:Display: Building textures: WhiteSquareTexture (AutoDXT)
[2016.07.02-05.15.39:955][488]LogTexture:Display: Building textures: Texture2D_2 (G8)
[2016.07.02-05.15.39:972][488]LogTexture:Display: Building textures: LandscapeThumbnailWeightmap (BGRA8)
[2016.07.02-05.15.39:983][488]LogTexture:Display: Building textures: LandscapeThumbnailHeightmap (BGRA8)
[2016.07.02-05.15.41:707][543]LogActorComponent: UnregisterComponent: (/Engine/Transient.SphereBrushComponent) Not registered. Aborting.
[2016.07.02-05.16.11:911][872]LogTexture:Display: Building textures: T_RockMesh_M (DXT1)
[2016.07.02-05.16.14:090][872]LogTexture:Display: Building textures: T_RockMesh_N (BC5)
[2016.07.02-05.16.18:628][ 54]LogBlueprintUserMessages: Early PlayInEditor Detection: Level '/Game/SideScrollerBP/Maps/SideScrollerExampleMap.SideScrollerExampleMap:PersistentLevel' has LevelScriptBlueprint '/Game/SideScrollerBP/Maps/SideScrollerExampleMap.SideScrollerExampleMap:PersistentLevel.SideScrollerExampleMap' with GeneratedClass '/Game/SideScrollerBP/Maps/SideScrollerExampleMap.SideScrollerExampleMap_C' with ClassGeneratedBy '/Game/SideScrollerBP/Maps/SideScrollerExampleMap.SideScrollerExampleMap:PersistentLevel.SideScrollerExampleMap'
[2016.07.02-05.16.18:628][ 54]LogPlayLevel: PlayLevel: No blueprints needed recompiling
[2016.07.02-05.16.18:629][ 54]PIE: New page: PIE session: SideScrollerExampleMap (Jul 1, 2016, 8:16:18 PM)
[2016.07.02-05.16.18:629][ 54]LogPlayLevel: Creating play world package: /Game/SideScrollerBP/Maps/UEDPIE_0_SideScrollerExampleMap
[2016.07.02-05.16.18:666][ 54]LogPlayLevel: PIE: StaticDuplicateObject took: (0.037294s)
[2016.07.02-05.16.18:668][ 54]LogAIModule: Creating AISystem for world SideScrollerExampleMap
[2016.07.02-05.16.18:668][ 54]LogPlayLevel: PIE: World Init took: (0.001788s)
[2016.07.02-05.16.18:668][ 54]LogPlayLevel: PIE: Created PIE world by copying editor world from /Game/SideScrollerBP/Maps/SideScrollerExampleMap.SideScrollerExampleMap to /Game/SideScrollerBP/Maps/UEDPIE_0_SideScrollerExampleMap.SideScrollerExampleMap (0.039575s)
[2016.07.02-05.16.18:694][ 54]LogInit: XAudio2 using 'Speakers (Realtek High Definition Audio)' : 2 channels at 48 kHz using 32 bits per sample (channel mask 0x3)
[2016.07.02-05.16.18:710][ 54]LogInit: FAudioDevice initialized.
[2016.07.02-05.16.18:775][ 54]LogWorld: Game class is 'SideScrollerGameMode_C'
[2016.07.02-05.16.18:780][ 54]LogWorld: Bringing World /Game/SideScrollerBP/Maps/UEDPIE_0_SideScrollerExampleMap.SideScrollerExampleMap up for play (max tick rate 60) at 2016.07.02-01.16.18
[2016.07.02-05.16.18:781][ 54]LogWorld: Bringing up level for play took: 0.004549
[2016.07.02-05.16.18:782][ 54]PIE: Info Play in editor start time for /Game/SideScrollerBP/Maps/UEDPIE_0_SideScrollerExampleMap -0.241
[2016.07.02-05.16.18:783][ 54]LogBlueprintUserMessages: Late PlayInEditor Detection: Level '/Game/SideScrollerBP/Maps/SideScrollerExampleMap.SideScrollerExampleMap:PersistentLevel' has LevelScriptBlueprint '/Game/SideScrollerBP/Maps/SideScrollerExampleMap.SideScrollerExampleMap:PersistentLevel.SideScrollerExampleMap' with GeneratedClass '/Game/SideScrollerBP/Maps/SideScrollerExampleMap.SideScrollerExampleMap_C' with ClassGeneratedBy '/Game/SideScrollerBP/Maps/SideScrollerExampleMap.SideScrollerExampleMap:PersistentLevel.SideScrollerExampleMap'
[2016.07.02-05.16.27:502][570]LogBlueprintUserMessages: Early EndPlayMap Detection: Level '/Game/SideScrollerBP/Maps/SideScrollerExampleMap.SideScrollerExampleMap:PersistentLevel' has LevelScriptBlueprint '/Game/SideScrollerBP/Maps/SideScrollerExampleMap.SideScrollerExampleMap:PersistentLevel.SideScrollerExampleMap' with GeneratedClass '/Game/SideScrollerBP/Maps/SideScrollerExampleMap.SideScrollerExampleMap_C' with ClassGeneratedBy '/Game/SideScrollerBP/Maps/SideScrollerExampleMap.SideScrollerExampleMap:PersistentLevel.SideScrollerExampleMap'
[2016.07.02-05.16.27:568][570]LogBlueprintUserMessages: Late EndPlayMap Detection: Level '/Game/SideScrollerBP/Maps/SideScrollerExampleMap.SideScrollerExampleMap:PersistentLevel' has LevelScriptBlueprint '/Game/SideScrollerBP/Maps/SideScrollerExampleMap.SideScrollerExampleMap:PersistentLevel.SideScrollerExampleMap' with GeneratedClass '/Game/SideScrollerBP/Maps/SideScrollerExampleMap.SideScrollerExampleMap_C' with ClassGeneratedBy '/Game/SideScrollerBP/Maps/SideScrollerExampleMap.SideScrollerExampleMap:PersistentLevel.SideScrollerExampleMap'
[2016.07.02-05.18.19:390][543]LogEditorViewport: Clicking on Actor (context menu): StaticMeshActor (hill)
[2016.07.02-05.18.23:701][747]LogEditorViewport: Clicking on Actor (context menu): StaticMeshActor (hill)
[2016.07.02-05.18.28:807][983]LogMaterial: Missing cached shader map for material M_Rock, compiling. 
[2016.07.02-05.18.30:025][983]LogMaterial: Missing cached shader map for material M_Rock, compiling. 
[2016.07.02-05.18.30:065][983]LogMaterial: 0.00 seconds spent updating 1 materials, 1 interfaces, 0 instances, 0 with static permutations.
[2016.07.02-05.18.30:114][983]LogMaterial: Missing cached shader map for material FMatExpressionPreview MaterialExpressionTextureSample_2, compiling. 
[2016.07.02-05.18.30:128][983]LogMaterial: Missing cached shader map for material FMatExpressionPreview MaterialExpressionTextureSample_1, compiling. 
[2016.07.02-05.18.30:139][983]LogMaterial: Missing cached shader map for material FMatExpressionPreview MaterialExpressionTextureSample_0, compiling. 
[2016.07.02-05.18.30:155][983]LogMaterial: Missing cached shader map for material FMatExpressionPreview MaterialExpressionTextureSample_5, compiling. 
[2016.07.02-05.18.33:684][ 62]MaterialEditorStats: Info Base pass shader with static lighting: 86 instructions
[2016.07.02-05.18.33:685][ 62]MaterialEditorStats: Info Base pass shader with only dynamic lighting: 54 instructions
[2016.07.02-05.18.33:685][ 62]MaterialEditorStats: Info Vertex shader: 31 instructions
[2016.07.02-05.18.33:685][ 62]MaterialEditorStats: Info Texture samplers: 6/16
[2016.07.02-05.18.57:126][ 10]LogSavePackage: Save=116.79ms
[2016.07.02-05.18.57:126][ 10]LogSavePackage: Moving '../../../../../../Users/dylan/OneDrive/Documents/Unreal Projects/shad_speak_3/Saved/UEDPCSideScrollerExampleMap30F4440E498208EA137609A5475076B2.tmp' to '../../../../../../Users/dylan/OneDrive/Documents/Unreal Projects/shad_speak_3/Saved/Autosaves/Game/SideScrollerBP/Maps/UEDPCSideScrollerExampleMap.umap'
[2016.07.02-05.18.57:129][ 10]LogSavePackage:Display: Finished SavePackage ../../../../../../Users/dylan/OneDrive/Documents/Unreal Projects/shad_speak_3/Saved/Autosaves/Game/SideScrollerBP/Maps/UEDPCSideScrollerExampleMap.umap
[2016.07.02-05.18.57:142][ 10]LogEditorTransaction: Undo Spawn Play From Here Start
[2016.07.02-05.19.26:912][243]LogWindowsTextInputMethodSystem:Display: IME system now deactivated.
[2016.07.02-05.19.26:912][243]LogWindowsTextInputMethodSystem:Display: IME system now deactivated.
[2016.07.02-05.19.52:782][738]LogEditorViewport: Clicking on Actor (context menu): StaticMeshActor (start2)
[2016.07.02-05.19.53:971][796]LogEditorViewport: Clicking on Actor (context menu): StaticMeshActor (start2)
[2016.07.02-05.20.01:608][149]LogSavePackage: Save=117.51ms
[2016.07.02-05.20.01:608][149]LogSavePackage: Moving '../../../../../../Users/dylan/OneDrive/Documents/Unreal Projects/shad_speak_3/Saved/UEDPCSideScrollerExampleMap214192E841C8EAB4ADA10A9CCF322512.tmp' to '../../../../../../Users/dylan/OneDrive/Documents/Unreal Projects/shad_speak_3/Saved/Autosaves/Game/SideScrollerBP/Maps/UEDPCSideScrollerExampleMap.umap'
[2016.07.02-05.20.01:612][149]LogSavePackage:Display: Finished SavePackage ../../../../../../Users/dylan/OneDrive/Documents/Unreal Projects/shad_speak_3/Saved/Autosaves/Game/SideScrollerBP/Maps/UEDPCSideScrollerExampleMap.umap
[2016.07.02-05.20.01:618][149]LogEditorTransaction: Undo Spawn Play From Here Start
[2016.07.02-05.23.19:896][908]LogSavePackage: Save=115.56ms
[2016.07.02-05.23.19:896][908]LogSavePackage: Moving '../../../../../../Users/dylan/OneDrive/Documents/Unreal Projects/shad_speak_3/Saved/SideScrollerExampleMap_Auto18D1E304B45C8D97CFB941CA004B09C7E.tmp' to '../../../../../../Users/dylan/OneDrive/Documents/Unreal Projects/shad_speak_3/Saved/Autosaves/Game/SideScrollerBP/Maps/SideScrollerExampleMap_Auto1.umap'
[2016.07.02-05.23.19:899][908]LogSavePackage:Display: Finished SavePackage ../../../../../../Users/dylan/OneDrive/Documents/Unreal Projects/shad_speak_3/Saved/Autosaves/Game/SideScrollerBP/Maps/SideScrollerExampleMap_Auto1.umap
[2016.07.02-05.23.19:912][908]LogFileHelpers: Editor autosave (incl. sublevels) for '/Game/SideScrollerBP/Maps/SideScrollerExampleMap' took 0.234
[2016.07.02-05.23.19:912][908]LogFileHelpers: Editor autosave (incl. sublevels) for all levels took 0.234
[2016.07.02-05.25.12:994][352]LogUProjectInfo: Found projects:
[2016.07.02-05.25.17:097][556]Cmd: CLOSE_SLATE_MAINFRAME
[2016.07.02-05.25.20:065][556]LogSavePackage: Save=121.79ms
[2016.07.02-05.25.20:065][556]LogSavePackage: Moving '../../../../../../Users/dylan/OneDrive/Documents/Unreal Projects/shad_speak_3/Saved/SideScrollerExampleMapC8DCE5884755DDCFD6A5CC8D915EC332.tmp' to '../../../../../../Users/dylan/OneDrive/Documents/Unreal Projects/shad_speak_3/Content/SideScrollerBP/Maps/SideScrollerExampleMap.umap'
[2016.07.02-05.25.20:072][556]LogSavePackage:Display: Finished SavePackage ../../../../../../Users/dylan/OneDrive/Documents/Unreal Projects/shad_speak_3/Content/SideScrollerBP/Maps/SideScrollerExampleMap.umap
[2016.07.02-05.25.20:201][556]LogFileHelpers: Saving map 'SideScrollerExampleMap' took 0.399
[2016.07.02-05.25.20:828][557]Cmd: QUIT_EDITOR
[2016.07.02-05.25.21:768][557]LogWindowsTextInputMethodSystem:Display: IME system now deactivated.
[2016.07.02-05.25.21:821][557]LogExit: Preparing to exit.
[2016.07.02-05.25.23:276][557]LogExit: Editor shut down
[2016.07.02-05.25.23:278][557]LogExit: Transaction tracking system shut down
[2016.07.02-05.25.23:543][557]LogObj: Freed 0b from 0 cluster array pools.
[2016.07.02-05.25.23:543][557]LogExit: Object subsystem successfully closed.
[2016.07.02-05.25.23:573][557]LogD3D11RHI: Shutdown
[2016.07.02-05.25.23:573][557]LogD3D11RHI: CleanupD3DDevice
[2016.07.02-05.25.23:694][557]LogD3D11RHI: ~FD3D11DynamicRHI
[2016.07.02-05.25.23:720][557]LogModuleManager: Shutting down and abandoning module MaterialEditor (216)
[2016.07.02-05.25.23:720][557]LogModuleManager: Shutting down and abandoning module MovieSceneCapture (215)
[2016.07.02-05.25.23:720][557]LogModuleManager: Shutting down and abandoning module HierarchicalLODUtilities (214)
[2016.07.02-05.25.23:735][557]LogModuleManager: Shutting down and abandoning module HierarchicalLODOutliner (213)
[2016.07.02-05.25.23:735][557]LogModuleManager: Shutting down and abandoning module CrashTracker (212)
[2016.07.02-05.25.23:735][557]LogModuleManager: Shutting down and abandoning module SceneOutliner (211)
[2016.07.02-05.25.23:735][557]LogModuleManager: Shutting down and abandoning module WidgetCarousel (210)
[2016.07.02-05.25.23:735][557]LogModuleManager: Shutting down and abandoning module AddContentDialog (209)
[2016.07.02-05.25.23:745][557]LogModuleManager: Shutting down and abandoning module GameplayTags (208)
[2016.07.02-05.25.23:745][557]LogModuleManager: Shutting down and abandoning module EditorWidgets (207)
[2016.07.02-05.25.23:745][557]LogModuleManager: Shutting down and abandoning module CollectionManager (206)
[2016.07.02-05.25.23:745][557]LogModuleManager: Shutting down and abandoning module StatsViewer (205)
[2016.07.02-05.25.23:745][557]LogModuleManager: Shutting down and abandoning module FoliageEdit (204)
[2016.07.02-05.25.23:745][557]LogModuleManager: Shutting down and abandoning module LandscapeEditor (203)
[2016.07.02-05.25.23:746][557]LogModuleManager: Shutting down and abandoning module SceneDepthPickerMode (202)
[2016.07.02-05.25.23:746][557]LogModuleManager: Shutting down and abandoning module ActorPickerMode (201)
[2016.07.02-05.25.23:746][557]LogModuleManager: Shutting down and abandoning module GeometryMode (200)
[2016.07.02-05.25.23:746][557]LogModuleManager: Shutting down and abandoning module TextureAlignMode (199)
[2016.07.02-05.25.23:746][557]LogModuleManager: Shutting down and abandoning module BspMode (198)
[2016.07.02-05.25.23:746][557]LogModuleManager: Shutting down and abandoning module HardwareSurvey (197)
[2016.07.02-05.25.23:746][557]LogModuleManager: Shutting down and abandoning module SequenceRecorderSections (196)
[2016.07.02-05.25.23:746][557]LogModuleManager: Shutting down and abandoning module SequenceRecorder (195)
[2016.07.02-05.25.23:746][557]LogModuleManager: Shutting down and abandoning module AutomationWorker (194)
[2016.07.02-05.25.23:746][557]LogModuleManager: Shutting down and abandoning module MatineeToLevelSequence (193)
[2016.07.02-05.25.23:746][557]LogModuleManager: Shutting down and abandoning module PlacementMode (192)
[2016.07.02-05.25.23:746][557]LogModuleManager: Shutting down and abandoning module LevelSequenceEditor (191)
[2016.07.02-05.25.23:746][557]LogModuleManager: Shutting down and abandoning module CharacterAI (190)
[2016.07.02-05.25.23:746][557]LogModuleManager: Shutting down and abandoning module SmartSnapping (189)
[2016.07.02-05.25.23:746][557]LogModuleManager: Shutting down and abandoning module SessionServices (188)
[2016.07.02-05.25.23:746][557]LogModuleManager: Shutting down and abandoning module ViewportSnapping (187)
[2016.07.02-05.25.23:746][557]LogModuleManager: Shutting down and abandoning module LogVisualizer (186)
[2016.07.02-05.25.23:747][557]LogModuleManager: Shutting down and abandoning module GameProjectGeneration (185)
[2016.07.02-05.25.23:747][557]LogModuleManager: Shutting down and abandoning module IntroTutorials (184)
[2016.07.02-05.25.23:747][557]LogModuleManager: Shutting down and abandoning module EditorLiveStreaming (183)
[2016.07.02-05.25.23:747][557]LogModuleManager: Shutting down and abandoning module IOSPlatformEditor (182)
[2016.07.02-05.25.23:747][557]LogModuleManager: Shutting down and abandoning module HTML5PlatformEditor (181)
[2016.07.02-05.25.23:747][557]LogModuleManager: Shutting down and abandoning module AndroidDeviceDetection (180)
[2016.07.02-05.25.24:021][557]LogModuleManager: Shutting down and abandoning module AndroidPlatformEditor (179)
[2016.07.02-05.25.24:021][557]LogModuleManager: Shutting down and abandoning module IOSRuntimeSettings (178)
[2016.07.02-05.25.24:021][557]LogModuleManager: Shutting down and abandoning module AndroidRuntimeSettings (177)
[2016.07.02-05.25.24:021][557]LogModuleManager: Shutting down and abandoning module MergeActors (176)
[2016.07.02-05.25.24:021][557]LogModuleManager: Shutting down and abandoning module SizeMap (175)
[2016.07.02-05.25.24:022][557]LogModuleManager: Shutting down and abandoning module TreeMap (174)
[2016.07.02-05.25.24:022][557]LogModuleManager: Shutting down and abandoning module ReferenceViewer (173)
[2016.07.02-05.25.24:022][557]LogModuleManager: Shutting down and abandoning module LocalizationService (172)
[2016.07.02-05.25.24:022][557]LogModuleManager: Shutting down and abandoning module LocalizationDashboard (171)
[2016.07.02-05.25.24:022][557]LogModuleManager: Shutting down and abandoning module HardwareTargeting (170)
[2016.07.02-05.25.24:022][557]LogModuleManager: Shutting down and abandoning module DeviceProfileEditor (169)
[2016.07.02-05.25.24:022][557]LogModuleManager: Shutting down and abandoning module UndoHistory (168)
[2016.07.02-05.25.24:022][557]LogModuleManager: Shutting down and abandoning module UserFeedback (167)
[2016.07.02-05.25.24:022][557]LogModuleManager: Shutting down and abandoning module XmlParser (166)
[2016.07.02-05.25.24:022][557]LogModuleManager: Shutting down and abandoning module Blutility (165)
[2016.07.02-05.25.24:022][557]LogModuleManager: Shutting down and abandoning module ProjectTargetPlatformEditor (164)
[2016.07.02-05.25.24:023][557]LogModuleManager: Shutting down and abandoning module ProjectSettingsViewer (163)
[2016.07.02-05.25.24:023][557]LogModuleManager: Shutting down and abandoning module InputBindingEditor (162)
[2016.07.02-05.25.24:024][557]LogModuleManager: Shutting down and abandoning module EditorSettingsViewer (161)
[2016.07.02-05.25.24:024][557]LogModuleManager: Shutting down and abandoning module SettingsEditor (160)
[2016.07.02-05.25.24:024][557]LogModuleManager: Shutting down and abandoning module ProjectLauncher (159)
[2016.07.02-05.25.24:024][557]LogModuleManager: Shutting down and abandoning module SessionFrontend (158)
[2016.07.02-05.25.24:024][557]LogModuleManager: Shutting down and abandoning module ProfilerClient (157)
[2016.07.02-05.25.24:024][557]LogModuleManager: Shutting down and abandoning module TargetDeviceServices (156)
[2016.07.02-05.25.24:024][557]LogModuleManager: Shutting down and abandoning module DeviceManager (155)
[2016.07.02-05.25.24:077][557]LogModuleManager: Shutting down and abandoning module AutomationController (154)
[2016.07.02-05.25.24:077][557]LogModuleManager: Shutting down and abandoning module AutomationWindow (153)
[2016.07.02-05.25.24:077][557]LogModuleManager: Shutting down and abandoning module Layers (152)
[2016.07.02-05.25.24:077][557]LogModuleManager: Shutting down and abandoning module ComponentVisualizers (151)
[2016.07.02-05.25.24:077][557]LogModuleManager: Shutting down and abandoning module DetailCustomizations (150)
[2016.07.02-05.25.24:077][557]LogModuleManager: Shutting down and abandoning module PackagesDialog (149)
[2016.07.02-05.25.24:078][557]LogModuleManager: Shutting down and abandoning module Persona (148)
[2016.07.02-05.25.24:078][557]LogModuleManager: Shutting down and abandoning module Kismet (147)
[2016.07.02-05.25.24:078][557]LogModuleManager: Shutting down and abandoning module GraphEditor (146)
[2016.07.02-05.25.24:078][557]LogModuleManager: Shutting down and abandoning module ClassViewer (145)
[2016.07.02-05.25.24:078][557]LogModuleManager: Shutting down and abandoning module Toolbox (144)
[2016.07.02-05.25.24:078][557]LogModuleManager: Shutting down and abandoning module ModuleUI (143)
[2016.07.02-05.25.24:078][557]LogModuleManager: Shutting down and abandoning module MovieSceneTools (142)
[2016.07.02-05.25.24:078][557]LogModuleManager: Shutting down and abandoning module OutputLog (141)
[2016.07.02-05.25.24:078][557]LogModuleManager: Shutting down and abandoning module GammaUI (140)
[2016.07.02-05.25.24:078][557]LogModuleManager: Shutting down and abandoning module Documentation (139)
[2016.07.02-05.25.24:078][557]LogModuleManager: Shutting down and abandoning module StreamingPauseRendering (138)
[2016.07.02-05.25.24:078][557]LogModuleManager: Shutting down and abandoning module AnalyticsET (137)
[2016.07.02-05.25.24:078][557]LogModuleManager: Shutting down and abandoning module Analytics (136)
[2016.07.02-05.25.24:078][557]LogModuleManager: Shutting down and abandoning module PortalServices (135)
[2016.07.02-05.25.24:078][557]LogModuleManager: Shutting down and abandoning module PortalRpc (134)
[2016.07.02-05.25.24:078][557]LogModuleManager: Shutting down and abandoning module MessagingRpc (133)
[2016.07.02-05.25.24:078][557]LogModuleManager: Shutting down and abandoning module GameplayDebugger (132)
[2016.07.02-05.25.24:078][557]LogModuleManager: Shutting down and abandoning module AITestSuite (131)
[2016.07.02-05.25.24:078][557]LogModuleManager: Shutting down and abandoning module AIModule (130)
[2016.07.02-05.25.24:078][557]LogModuleManager: Shutting down and abandoning module ProfilerService (129)
[2016.07.02-05.25.24:084][557]LogModuleManager: Shutting down and abandoning module TaskGraph (128)
[2016.07.02-05.25.24:084][557]LogModuleManager: Shutting down and abandoning module SlateRemote (127)
[2016.07.02-05.25.24:084][557]LogModuleManager: Shutting down and abandoning module SteamVRController (126)
[2016.07.02-05.25.24:084][557]LogModuleManager: Shutting down and abandoning module SteamVR (125)
[2016.07.02-05.25.24:084][557]LogModuleManager: Shutting down and abandoning module ProceduralMeshComponent (124)
[2016.07.02-05.25.24:084][557]LogModuleManager: Shutting down and abandoning module OculusLibrary (123)
[2016.07.02-05.25.24:084][557]LogModuleManager: Shutting down and abandoning module OculusInput (122)
[2016.07.02-05.25.24:084][557]LogModuleManager: Shutting down and abandoning module CustomMeshComponent (121)
[2016.07.02-05.25.24:084][557]LogModuleManager: Shutting down and abandoning module CableComponent (120)
[2016.07.02-05.25.24:084][557]LogModuleManager: Shutting down and abandoning module ArchVisCharacter (119)
[2016.07.02-05.25.24:084][557]LogModuleManager: Shutting down and abandoning module MediaPlayerEditor (118)
[2016.07.02-05.25.24:084][557]LogModuleManager: Shutting down and abandoning module HTML5Networking (117)
[2016.07.02-05.25.24:084][557]LogModuleManager: Shutting down and abandoning module SuperSearch (116)
[2016.07.02-05.25.24:084][557]LogModuleManager: Shutting down and abandoning module SuperSearchEditor (115)
[2016.07.02-05.25.24:084][557]LogModuleManager: Shutting down and abandoning module SpeedTreeImporter (114)
[2016.07.02-05.25.24:084][557]LogModuleManager: Shutting down and abandoning module PluginBrowser (113)
[2016.07.02-05.25.24:084][557]LogModuleManager: Shutting down and abandoning module EpicSurvey (112)
[2016.07.02-05.25.24:084][557]LogModuleManager: Shutting down and abandoning module DesktopPlatform (111)
[2016.07.02-05.25.24:084][557]LogModuleManager: Shutting down and abandoning module VisualStudioSourceCodeAccess (110)
[2016.07.02-05.25.24:084][557]LogModuleManager: Shutting down and abandoning module UObjectPlugin (109)
[2016.07.02-05.25.24:084][557]LogModuleManager: Shutting down and abandoning module SubversionSourceControl (108)
[2016.07.02-05.25.24:084][557]LogModuleManager: Shutting down and abandoning module PerforceSourceControl (107)
[2016.07.02-05.25.24:084][557]LogModuleManager: Shutting down and abandoning module SourceControl (106)
[2016.07.02-05.25.24:085][557]LogModuleManager: Shutting down and abandoning module GitSourceControl (105)
[2016.07.02-05.25.24:085][557]LogModuleManager: Shutting down and abandoning module LightPropagationVolumeEditor (104)
[2016.07.02-05.25.24:085][557]LogModuleManager: Shutting down and abandoning module PaperTiledImporter (103)
[2016.07.02-05.25.24:085][557]LogModuleManager: Shutting down and abandoning module PaperSpriteSheetImporter (102)
[2016.07.02-05.25.24:085][557]LogModuleManager: Shutting down and abandoning module MeshPaint (101)
[2016.07.02-05.25.24:085][557]LogModuleManager: Shutting down and abandoning module PixelInspectorModule (100)
[2016.07.02-05.25.24:085][557]LogModuleManager: Shutting down and abandoning module HotReload (99)
[2016.07.02-05.25.24:086][557]LogModuleManager: Shutting down and abandoning module MainFrame (98)
[2016.07.02-05.25.24:086][557]LogModuleManager: Shutting down and abandoning module LevelEditor (97)
[2016.07.02-05.25.24:087][557]LogModuleManager: Shutting down and abandoning module ContentBrowser (96)
[2016.07.02-05.25.24:090][557]LogModuleManager: Shutting down and abandoning module Paper2DEditor (95)
[2016.07.02-05.25.24:090][557]LogModuleManager: Shutting down and abandoning module UdpMessaging (94)
[2016.07.02-05.25.24:190][557]LogModuleManager: Shutting down and abandoning module LightPropagationVolumeRuntime (93)
[2016.07.02-05.25.24:190][557]LogModuleManager: Shutting down and abandoning module Paper2D (92)
[2016.07.02-05.25.24:190][557]LogModuleManager: Shutting down and abandoning module WindowsMoviePlayer (91)
[2016.07.02-05.25.24:190][557]LogModuleManager: Shutting down and abandoning module Media (90)
[2016.07.02-05.25.24:190][557]LogModuleManager: Shutting down and abandoning module WmfMedia (89)
[2016.07.02-05.25.24:191][557]LogModuleManager: Shutting down and abandoning module MediaAssets (88)
[2016.07.02-05.25.24:191][557]LogModuleManager: Shutting down and abandoning module GameLiveStreaming (87)
[2016.07.02-05.25.24:191][557]LogModuleManager: Shutting down and abandoning module GameplayTagsEditor (86)
[2016.07.02-05.25.24:191][557]LogModuleManager: Shutting down and abandoning module OnlineBlueprintSupport (85)
[2016.07.02-05.25.24:191][557]LogModuleManager: Shutting down and abandoning module VREditor (84)
[2016.07.02-05.25.24:191][557]LogModuleManager: Shutting down and abandoning module GameplayTasksEditor (83)
[2016.07.02-05.25.24:191][557]LogModuleManager: Shutting down and abandoning module PropertyEditor (82)
[2016.07.02-05.25.24:191][557]LogModuleManager: Shutting down and abandoning module BehaviorTreeEditor (81)
[2016.07.02-05.25.24:191][557]LogModuleManager: Shutting down and abandoning module FunctionalTesting (80)
[2016.07.02-05.25.24:191][557]LogModuleManager: Shutting down and abandoning module CollisionAnalyzer (79)
[2016.07.02-05.25.24:191][557]LogModuleManager: Shutting down and abandoning module Sequencer (78)
[2016.07.02-05.25.24:191][557]LogModuleManager: Shutting down and abandoning module WorkspaceMenuStructure (77)
[2016.07.02-05.25.24:191][557]LogModuleManager: Shutting down and abandoning module MessageLog (76)
[2016.07.02-05.25.24:191][557]LogModuleManager: Shutting down and abandoning module AssetTools (75)
[2016.07.02-05.25.24:191][557]LogModuleManager: Shutting down and abandoning module UMGEditor (74)
[2016.07.02-05.25.24:191][557]LogModuleManager: Shutting down and abandoning module UMG (73)
[2016.07.02-05.25.24:191][557]LogModuleManager: Shutting down and abandoning module SlateReflector (72)
[2016.07.02-05.25.24:191][557]LogModuleManager: Shutting down and abandoning module Slate (71)
[2016.07.02-05.25.24:191][557]LogModuleManager: Shutting down and abandoning module EditorStyle (70)
[2016.07.02-05.25.24:196][557]LogModuleManager: Shutting down and abandoning module SourceCodeAccess (69)
[2016.07.02-05.25.24:196][557]LogModuleManager: Shutting down and abandoning module HeadMountedDisplay (68)
[2016.07.02-05.25.24:196][557]LogModuleManager: Shutting down and abandoning module XAudio2 (67)
[2016.07.02-05.25.24:196][557]LogModuleManager: Shutting down and abandoning module Networking (65)
[2016.07.02-05.25.24:196][557]LogModuleManager: Shutting down and abandoning module Core (64)
[2016.07.02-05.25.24:196][557]LogModuleManager: Shutting down and abandoning module DirectoryWatcher (63)
[2016.07.02-05.25.24:205][557]LogModuleManager: Shutting down and abandoning module AssetRegistry (62)
[2016.07.02-05.25.24:456][557]LogModuleManager: Shutting down and abandoning module KismetCompiler (61)
[2016.07.02-05.25.24:457][557]LogModuleManager: Shutting down and abandoning module PhysXFormats (60)
[2016.07.02-05.25.24:457][557]LogModuleManager: Shutting down and abandoning module MeshUtilities (59)
[2016.07.02-05.25.24:457][557]LogModuleManager: Shutting down and abandoning module DerivedDataCache (58)
[2016.07.02-05.25.24:474][557]LogDerivedDataCache: Shutdown
[2016.07.02-05.25.24:474][557]LogModuleManager: Shutting down and abandoning module VulkanShaderFormat (57)
[2016.07.02-05.25.24:474][557]LogModuleManager: Shutting down and abandoning module ShaderFormatOpenGL (56)
[2016.07.02-05.25.24:474][557]LogModuleManager: Shutting down and abandoning module ShaderFormatD3D (55)
[2016.07.02-05.25.24:474][557]LogModuleManager: Shutting down and abandoning module MetalShaderFormat (54)
[2016.07.02-05.25.24:474][557]LogModuleManager: Shutting down and abandoning module TextureFormatUncompressed (53)
[2016.07.02-05.25.24:474][557]LogModuleManager: Shutting down and abandoning module TextureFormatPVR (52)
[2016.07.02-05.25.24:474][557]LogModuleManager: Shutting down and abandoning module TextureFormatIntelISPCTexComp (51)
[2016.07.02-05.25.24:474][557]LogModuleManager: Shutting down and abandoning module TextureFormatDXT (50)
[2016.07.02-05.25.24:474][557]LogModuleManager: Shutting down and abandoning module ImageWrapper (49)
[2016.07.02-05.25.24:474][557]LogModuleManager: Shutting down and abandoning module TextureFormatASTC (48)
[2016.07.02-05.25.24:474][557]LogModuleManager: Shutting down and abandoning module TextureFormatAndroid (47)
[2016.07.02-05.25.24:474][557]LogModuleManager: Shutting down and abandoning module AudioFormatOpus (46)
[2016.07.02-05.25.24:475][557]LogModuleManager: Shutting down and abandoning module AudioFormatOgg (45)
[2016.07.02-05.25.24:475][557]LogModuleManager: Shutting down and abandoning module AudioFormatADPCM (44)
[2016.07.02-05.25.24:475][557]LogModuleManager: Shutting down and abandoning module LinuxTargetPlatform (43)
[2016.07.02-05.25.24:475][557]LogModuleManager: Shutting down and abandoning module LinuxServerTargetPlatform (42)
[2016.07.02-05.25.24:475][557]LogModuleManager: Shutting down and abandoning module LinuxNoEditorTargetPlatform (41)
[2016.07.02-05.25.24:475][557]LogModuleManager: Shutting down and abandoning module TVOSTargetPlatform (40)
[2016.07.02-05.25.24:475][557]LogModuleManager: Shutting down and abandoning module Messaging (39)
[2016.07.02-05.25.24:475][557]LogModuleManager: Shutting down and abandoning module IOSTargetPlatform (38)
[2016.07.02-05.25.24:475][557]LogModuleManager: Shutting down and abandoning module HTML5TargetPlatform (37)
[2016.07.02-05.25.24:475][557]LogModuleManager: Shutting down and abandoning module Android_PVRTCTargetPlatform (36)
[2016.07.02-05.25.24:475][557]LogModuleManager: Shutting down and abandoning module Android_MultiTargetPlatform (35)
[2016.07.02-05.25.24:475][557]LogModuleManager: Shutting down and abandoning module Android_ETC2TargetPlatform (34)
[2016.07.02-05.25.24:475][557]LogModuleManager: Shutting down and abandoning module Android_ETC1TargetPlatform (33)
[2016.07.02-05.25.24:475][557]LogModuleManager: Shutting down and abandoning module Android_DXTTargetPlatform (32)
[2016.07.02-05.25.24:475][557]LogModuleManager: Shutting down and abandoning module Android_ATCTargetPlatform (31)
[2016.07.02-05.25.24:475][557]LogModuleManager: Shutting down and abandoning module Android_ASTCTargetPlatform (30)
[2016.07.02-05.25.24:475][557]LogModuleManager: Shutting down and abandoning module AndroidTargetPlatform (29)
[2016.07.02-05.25.24:475][557]LogModuleManager: Shutting down and abandoning module WindowsTargetPlatform (28)
[2016.07.02-05.25.24:475][557]LogModuleManager: Shutting down and abandoning module WindowsServerTargetPlatform (27)
[2016.07.02-05.25.24:475][557]LogModuleManager: Shutting down and abandoning module WindowsNoEditorTargetPlatform (26)
[2016.07.02-05.25.24:475][557]LogModuleManager: Shutting down and abandoning module WindowsClientTargetPlatform (25)
[2016.07.02-05.25.24:475][557]LogModuleManager: Shutting down and abandoning module AllDesktopTargetPlatform (24)
[2016.07.02-05.25.24:475][557]LogModuleManager: Shutting down and abandoning module TargetPlatform (23)
[2016.07.02-05.25.24:475][557]LogModuleManager: Shutting down and abandoning module InputCore (22)
[2016.07.02-05.25.24:475][557]LogModuleManager: Shutting down and abandoning module Settings (21)
[2016.07.02-05.25.24:476][557]LogModuleManager: Shutting down and abandoning module OnlineSubsystem (19)
[2016.07.02-05.25.24:476][557]LogModuleManager: Shutting down and abandoning module HTTP (18)
[2016.07.02-05.25.27:481][557]LogModuleManager: Shutting down and abandoning module XMPP (17)
[2016.07.02-05.25.27:481][557]LogModuleManager: Shutting down and abandoning module OculusRift (16)
[2016.07.02-05.25.27:481][557]LogModuleManager: Shutting down and abandoning module ExampleDeviceProfileSelector (15)
[2016.07.02-05.25.27:481][557]LogModuleManager: Shutting down and abandoning module TextureCompressor (14)
[2016.07.02-05.25.27:481][557]LogModuleManager: Shutting down and abandoning module ShaderCore (13)
[2016.07.02-05.25.27:481][557]LogModuleManager: Shutting down and abandoning module Landscape (12)
[2016.07.02-05.25.27:481][557]LogModuleManager: Shutting down and abandoning module SlateRHIRenderer (11)
[2016.07.02-05.25.27:491][557]LogModuleManager: Shutting down and abandoning module OpenGLDrv (10)
[2016.07.02-05.25.27:491][557]LogModuleManager: Shutting down and abandoning module D3D11RHI (9)
[2016.07.02-05.25.27:491][557]LogModuleManager: Shutting down and abandoning module AnimGraphRuntime (8)
[2016.07.02-05.25.27:491][557]LogModuleManager: Shutting down and abandoning module Renderer (7)
[2016.07.02-05.25.27:491][557]LogModuleManager: Shutting down and abandoning module Engine (6)
[2016.07.02-05.25.27:491][557]LogModuleManager: Shutting down and abandoning module CoreUObject (5)
[2016.07.02-05.25.27:491][557]LogModuleManager: Shutting down and abandoning module NetworkFile (4)
[2016.07.02-05.25.27:491][557]LogModuleManager: Shutting down and abandoning module StreamingFile (3)
[2016.07.02-05.25.27:491][557]LogModuleManager: Shutting down and abandoning module SandboxFile (2)
[2016.07.02-05.25.27:491][557]LogModuleManager: Shutting down and abandoning module PakFile (1)
[2016.07.02-05.25.27:494][557]LogExit: Exiting.
[2016.07.02-05.25.27:520][557]Log file closed, 07/02/16 01:25:27
