Log file open, 07/02/16 01:20:02
LogInit:Display: Running engine for game: shad_speak_3
LogPlatformFile: Not using cached read wrapper
LogInit:Display: RandInit(-295608304) SRandInit(-295608302).
LogTaskGraph: Started task graph with 4 named threads and 7 total threads with 1 sets of task threads.
LogStats: Stats thread started at 0.137991
LogInit: Version: 4.12.4-3028348+++UE4+Release-4.12
LogInit: API Version: 2992821
LogInit: Net Version: 3028348
LogDevObjectVersion: Number of dev versions registered: 13
LogDevObjectVersion:   Dev-Blueprints (B0D832E4-1F89-4F0D-ACCF-7EB736FD4AA2): 3
LogDevObjectVersion:   Dev-Build (E1C64328-A22C-4D53-A36C-8E866417BD8C): 0
LogDevObjectVersion:   Dev-Core (375EC13C-06E4-48FB-B500-84F0262A717E): 1
LogDevObjectVersion:   Dev-Editor (E4B068ED-F494-42E9-A231-DA0B2E46BB41): 2
LogDevObjectVersion:   Dev-Framework (CFFC743F-43B0-4480-9391-14DF171D2073): 6
LogDevObjectVersion:   Dev-Mobile (B02B49B5-BB20-44E9-A304-32B752E40360): 0
LogDevObjectVersion:   Dev-Networking (A4E4105C-59A1-49B5-A7C5-40C4547EDFEE): 0
LogDevObjectVersion:   Dev-Online (39C831C9-5AE6-47DC-9A44-9C173E1C8E7C): 0
LogDevObjectVersion:   Dev-Physics (78F01B33-EBEA-4F98-B9B4-84EACCB95AA2): 0
LogDevObjectVersion:   Dev-Platform (6631380F-2D4D-43E0-8009-CF276956A95A): 0
LogDevObjectVersion:   Dev-Rendering (12F88B9F-8875-4AFC-A67C-D90C383ABD29): 2
LogDevObjectVersion:   Dev-Sequencer (7B5AE74C-D270-4C10-A958-57980B212A5A): 0
LogDevObjectVersion:   Dev-VR (D7296918-1DD6-4BDD-9DE2-64A83CC13884): 0
LogInit: Compiled (64-bit): Jun 27 2016 09:29:04
LogInit: Compiled with Visual C++: 19.00.23026.00
LogInit: Build Configuration: Development
LogInit: Branch Name: ++UE4+Release-4.12
LogInit: Command line:  /Temp/Autosaves/Game/SideScrollerBP/Maps/UEDPCSideScrollerExampleMap -game -PIEVIACONSOLE -ResX=1280 -ResY=720  -Multiprocess -windowed -messaging -SessionName="Play in Standalone Game" 
LogInit: Base directory: C:/Program Files (x86)/Epic Games/4.12/Engine/Binaries/Win64/
LogInit: Installed Engine Build: 1
LogInit: Using libcurl 7.41.0
LogInit:  - built for x86_64-pc-win32
LogInit:  - supports SSL with WinSSL
LogInit:  - other features:
LogInit:      CURL_VERSION_SSL
LogInit:      CURL_VERSION_IPV6
LogInit:      CURL_VERSION_ASYNCHDNS
LogInit:      CURL_VERSION_LARGEFILE
LogInit:      CURL_VERSION_IDN
LogInit:  CurlRequestOptions (configurable via config and command line):
LogInit:  - bVerifyPeer = true  - Libcurl will verify peer certificate
LogInit:  - bUseHttpProxy = false  - Libcurl will NOT use HTTP proxy
LogInit:  - bDontReuseConnections = false  - Libcurl will reuse connections
LogInit:  - CertBundlePath = nullptr  - Libcurl will use whatever was configured at build time.
LogInit: Presizing for max 8388607 objects, including 0 objects not considered by GC, pre-allocating 0 bytes for permanent pool.
LogInit: Object subsystem initialized
[2016.07.02-05.20.03:161][  0]LogInit: Selected Device Profile: [Windows]
[2016.07.02-05.20.03:161][  0]LogInit: Applying CVar settings loaded from the selected device profile: [Windows]
[2016.07.02-05.20.03:171][  0]LogInit: Computer: DESKTOP-HDUMQPG
[2016.07.02-05.20.03:171][  0]LogInit: User: dylan
[2016.07.02-05.20.03:171][  0]LogInit: CPU Page size=65536, Cores=4
[2016.07.02-05.20.03:171][  0]LogInit: High frequency timer resolution =2.435777 MHz
[2016.07.02-05.20.03:171][  0]LogMemory: Memory total: Physical=7.9GB (8GB approx)
[2016.07.02-05.20.03:171][  0]LogMemory: Platform Memory Stats for Windows
[2016.07.02-05.20.03:171][  0]LogMemory: Process Physical Memory: 190.50 MB used, 190.50 MB peak
[2016.07.02-05.20.03:171][  0]LogMemory: Process Virtual Memory: 195.14 MB used, 195.14 MB peak
[2016.07.02-05.20.03:171][  0]LogMemory: Physical Memory: 5470.62 MB used, 8104.27 MB total
[2016.07.02-05.20.03:172][  0]LogMemory: Virtual Memory: 554.44 MB used, 134217728.00 MB total
[2016.07.02-05.20.03:229][  0]LogTextLocalizationManager: No specific translations for ('en-US') exist, so ('en') translations will be used.
[2016.07.02-05.20.04:118][  0]LogD3D11RHI: D3D11 adapters:
[2016.07.02-05.20.04:151][  0]LogD3D11RHI:    0. 'NVIDIA GeForce GTX 860M ' (Feature Level 11_0)
[2016.07.02-05.20.04:151][  0]LogD3D11RHI:       1995/0/4052 MB DedicatedVideo/DedicatedSystem/SharedSystem, Outputs:2, VendorId:0x10de
[2016.07.02-05.20.04:160][  0]LogD3D11RHI:    1. 'Intel(R) HD Graphics 4600' (Feature Level 11_0)
[2016.07.02-05.20.04:160][  0]LogD3D11RHI:       112/0/4052 MB DedicatedVideo/DedicatedSystem/SharedSystem, Outputs:0, VendorId:0x8086
[2016.07.02-05.20.04:162][  0]LogD3D11RHI:    2. 'Microsoft Basic Render Driver' (Feature Level 11_0)
[2016.07.02-05.20.04:162][  0]LogD3D11RHI:       0/0/4052 MB DedicatedVideo/DedicatedSystem/SharedSystem, Outputs:0, VendorId:0x1414
[2016.07.02-05.20.04:162][  0]LogD3D11RHI: Chosen D3D11 Adapter: 0
[2016.07.02-05.20.04:170][  0]LogD3D11RHI: Creating new Direct3DDevice
[2016.07.02-05.20.04:170][  0]LogD3D11RHI:     GPU DeviceId: 0x1392 (for the marketing name, search the web for "GPU Device Id")
[2016.07.02-05.20.04:170][  0]LogWindows: EnumDisplayDevices:
[2016.07.02-05.20.04:170][  0]LogWindows:    0. 'Intel(R) HD Graphics 4600' (P:1 D:1)
[2016.07.02-05.20.04:171][  0]LogWindows:    1. 'Intel(R) HD Graphics 4600' (P:0 D:1)
[2016.07.02-05.20.04:171][  0]LogWindows:    2. 'Intel(R) HD Graphics 4600' (P:0 D:0)
[2016.07.02-05.20.04:171][  0]LogWindows: DebugString: PrimaryIsNotTheChoosenAdapter PrimaryIsNotTheChoosenAdapter PrimaryIsNotTheChoosenAdapter FoundDriverCount:0 
[2016.07.02-05.20.04:171][  0]LogD3D11RHI:     Adapter Name: NVIDIA GeForce GTX 860M 
[2016.07.02-05.20.04:171][  0]LogD3D11RHI:   Driver Version: Unknown (internal:Unknown, unified:Unknown)
[2016.07.02-05.20.04:171][  0]LogD3D11RHI:      Driver Date: Unknown
[2016.07.02-05.20.04:171][  0]LogRHI: Texture pool is 1361 MB (70% of 1945 MB)
[2016.07.02-05.20.04:190][  0]LogD3D11RHI: Async texture creation enabled
[2016.07.02-05.20.04:202][  0]LogD3D11RHI: GPU Timing Frequency: 1000.000000 (Debug: 2 1)
[2016.07.02-05.20.04:203][  0]LogShaderCompilers: Guid format shader working directory is -32 characters bigger than the processId version (../../../../../../Users/dylan/OneDrive/Documents/Unreal Projects/shad_speak_3/Intermediate/Shaders/WorkingDirectory/12124/).
[2016.07.02-05.20.04:203][  0]LogShaderCompilers: Cleaned the shader compiler working directory 'C:/Users/dylan/AppData/Local/Temp/UnrealShaderWorkingDir/84FCBBEB4264727C6ADEAD8C3B80A8F0/'.
[2016.07.02-05.20.04:203][  0]LogShaderCompilers:Display: Using Local Shader Compiler.
[2016.07.02-05.20.05:738][  0]LogTemp:Display: Loaded TP WindowsClientTargetPlatform
[2016.07.02-05.20.05:759][  0]LogTemp:Display: Loaded TP WindowsNoEditorTargetPlatform
[2016.07.02-05.20.05:777][  0]LogTemp:Display: Loaded TP WindowsServerTargetPlatform
[2016.07.02-05.20.05:794][  0]LogTemp:Display: Loaded TP WindowsTargetPlatform
[2016.07.02-05.20.05:794][  0]LogTargetPlatformManager:Display: Building Assets For Windows
[2016.07.02-05.20.05:956][  0]LogDerivedDataCache:Display: Max Cache Size: 512 MB
[2016.07.02-05.20.06:039][  0]LogDerivedDataCache: Loaded boot cache 0.08s 48MB C:/Users/dylan/AppData/Local/UnrealEngine/4.12/DerivedDataCache/Boot.ddc.
[2016.07.02-05.20.06:039][  0]LogDerivedDataCache:Display: Loaded Boot cache: C:/Users/dylan/AppData/Local/UnrealEngine/4.12/DerivedDataCache/Boot.ddc
[2016.07.02-05.20.06:040][  0]LogDerivedDataCache: FDerivedDataBackendGraph:  Pak pak cache file ../../../../../../Users/dylan/OneDrive/Documents/Unreal Projects/shad_speak_3/DerivedDataCache/DDC.ddp not found, will not use a pak cache.
[2016.07.02-05.20.06:040][  0]LogDerivedDataCache: Unable to find inner node Pak for hierarchical cache Hierarchy.
[2016.07.02-05.20.06:040][  0]LogDerivedDataCache: FDerivedDataBackendGraph:  CompressedPak pak cache file ../../../../../../Users/dylan/OneDrive/Documents/Unreal Projects/shad_speak_3/DerivedDataCache/Compressed.ddp not found, will not use a pak cache.
[2016.07.02-05.20.06:040][  0]LogDerivedDataCache: Unable to find inner node CompressedPak for hierarchical cache Hierarchy.
[2016.07.02-05.20.06:071][  0]LogDerivedDataCache:Display: Pak cache opened for reading ../../../Engine/DerivedDataCache/Compressed.ddp.
[2016.07.02-05.20.06:085][  0]LogDerivedDataCache: Using Local data cache path C:/Users/dylan/AppData/Local/UnrealEngine/Common/DerivedDataCache: Writable
[2016.07.02-05.20.06:392][  0]LogAssetRegistry: FAssetRegistry took 0.0002 seconds to start up
[2016.07.02-05.20.06:407][  0]LogPackageLocalizationCache: Processed 3 localized package path(s) for 2 prioritized culture(s) in 0.014707 seconds
[2016.07.02-05.20.06:417][  0]LogInit: Selected Device Profile: [Windows]
[2016.07.02-05.20.06:418][  0]LogContentStreaming: Texture pool size is 1000.00 MB
[2016.07.02-05.20.06:676][  0]LogMeshUtilities: No automatic mesh reduction module available
[2016.07.02-05.20.06:676][  0]LogMeshUtilities: No automatic mesh merging module available
[2016.07.02-05.20.06:676][  0]LogMeshUtilities: No distributed automatic mesh merging module available
[2016.07.02-05.20.07:050][  0]LogInit: WinSock: version 1.1 (2.2), MaxSocks=32767, MaxUdp=65467
[2016.07.02-05.20.07:330][  0]LogSlate: SlateFontCache - WITH_FREETYPE: 1, WITH_HARFBUZZ: 1
[2016.07.02-05.20.07:330][  0]LogSlate: SlateFontCache - WITH_FREETYPE: 1, WITH_HARFBUZZ: 1
[2016.07.02-05.20.07:460][  0]LogMoviePlayer: Initializing movie player
[2016.07.02-05.20.07:591][  0]LogWindowsMoviePlayer: Unable to load movie: ../../../../../../Users/dylan/OneDrive/Documents/Unreal Projects/shad_speak_3/Content/Movies/Default_Startup.mp4
[2016.07.02-05.20.07:750][  0]LogUdpMessaging: Initializing bridge on interface 0.0.0.0:0 to multicast group 230.0.0.1:6666.
[2016.07.02-05.20.07:844][  0]SourceControl: Info Source control is disabled
[2016.07.02-05.20.07:845][  0]SourceControl: Info Source control is disabled
[2016.07.02-05.20.07:869][  0]SourceControl: Info Source control is disabled
[2016.07.02-05.20.08:143][  0]LogUObjectArray: 30985 objects as part of root set at end of initial load.
[2016.07.02-05.20.08:143][  0]LogUObjectAllocator: 6717232 out of 0 bytes used by permanent object pool.
[2016.07.02-05.20.08:143][  0]LogUObjectArray: CloseDisregardForGC: 0/0 objects in disregard for GC pool
[2016.07.02-05.20.08:233][  0]LogEngine: Initializing Engine...
[2016.07.02-05.20.08:235][  0]LogHMD: SteamVR failed to initialize.  Err: 110
[2016.07.02-05.20.08:236][  0]LogHMD: SteamVR failed to initialize.  Err: 110
[2016.07.02-05.20.08:463][  0]LogInit: XAudio2 using 'Speakers (Realtek High Definition Audio)' : 2 channels at 48 kHz using 32 bits per sample (channel mask 0x3)
[2016.07.02-05.20.08:486][  0]LogInit: FAudioDevice initialized.
[2016.07.02-05.20.08:499][  0]LogInit: Texture streaming: Enabled
[2016.07.02-05.20.08:665][  0]LogNet: Browse: /Temp/Autosaves/Game/SideScrollerBP/Maps/UEDPCSideScrollerExampleMap?Name=Player
[2016.07.02-05.20.08:665][  0]LogLoad: LoadMap: /Temp/Autosaves/Game/SideScrollerBP/Maps/UEDPCSideScrollerExampleMap?Name=Player
[2016.07.02-05.20.08:694][  0]LogMemory: Platform Memory Stats for Windows
[2016.07.02-05.20.08:694][  0]LogMemory: Process Physical Memory: 549.58 MB used, 568.85 MB peak
[2016.07.02-05.20.08:694][  0]LogMemory: Process Virtual Memory: 608.26 MB used, 615.72 MB peak
[2016.07.02-05.20.08:694][  0]LogMemory: Physical Memory: 5777.25 MB used, 8104.27 MB total
[2016.07.02-05.20.08:694][  0]LogMemory: Virtual Memory: 1204.86 MB used, 134217728.00 MB total
[2016.07.02-05.20.08:694][  0]LogMemory: 
[2016.07.02-05.20.08:694][  0]Allocator Stats for TBB: (not implemented)
[2016.07.02-05.20.08:872][  0]LogLinker:Warning: CreateImport: Failed to load Outer for resource 'Arrow': SideScrollerCharacter_C /Game/SideScrollerBP/Blueprints/SideScrollerCharacter.Default__SideScrollerCharacter_C
[2016.07.02-05.20.09:197][  0]LogAIModule: Creating AISystem for world SideScrollerExampleMap
[2016.07.02-05.20.09:205][  0]LogWorld: Game class is 'SideScrollerGameMode_C'
[2016.07.02-05.20.09:212][  0]LogWorld: Bringing World /Temp/Autosaves/Game/SideScrollerBP/Maps/UEDPCSideScrollerExampleMap.SideScrollerExampleMap up for play (max tick rate 0) at 2016.07.02-01.20.09
[2016.07.02-05.20.09:213][  0]LogWorld: Bringing up level for play took: 0.006276
[2016.07.02-05.20.09:214][  0]LogLoad: Took 0.549324 seconds to LoadMap(/Temp/Autosaves/Game/SideScrollerBP/Maps/UEDPCSideScrollerExampleMap)
[2016.07.02-05.20.09:214][  0]LogInit:Display: Game Engine Initialized.
[2016.07.02-05.20.09:472][  0]LogLoad: Full Startup: 7.80 seconds (BP compile: 0.13 seconds)
[2016.07.02-05.20.09:472][  0]LogExternalProfiler: No external profilers were discovered.  External profiling features will not be available.
[2016.07.02-05.20.09:489][  0]LogWindowsTextInputMethodSystem:Display: IME system now deactivated.
[2016.07.02-05.20.09:489][  0]LogOcInput: OculusInput pre-init called
[2016.07.02-05.20.09:632][  0]LogRenderer: Reallocating scene render targets to support 128x128 (Frame:1).
[2016.07.02-05.20.09:757][  1]LogRenderer: Reallocating scene render targets to support 1280x720 (Frame:2).
[2016.07.02-05.20.20:009][630]LogWindowsTextInputMethodSystem:Display: IME system now deactivated.
[2016.07.02-05.20.20:015][630]LogEngine: All Windows Closed
[2016.07.02-05.20.20:015][630]LogWindows: FPlatformMisc::RequestExit(0)
[2016.07.02-05.20.20:016][631]LogMoviePlayer: Shutting down movie player
[2016.07.02-05.20.20:245][631]LogExit: Preparing to exit.
[2016.07.02-05.20.20:906][631]LogExit: Game engine shut down
[2016.07.02-05.20.21:077][631]LogObj: Freed 0b from 0 cluster array pools.
[2016.07.02-05.20.21:078][631]LogExit: Object subsystem successfully closed.
[2016.07.02-05.20.21:107][631]LogD3D11RHI: Shutdown
[2016.07.02-05.20.21:107][631]LogD3D11RHI: CleanupD3DDevice
[2016.07.02-05.20.21:209][631]LogD3D11RHI: ~FD3D11DynamicRHI
[2016.07.02-05.20.21:238][631]LogModuleManager: Shutting down and abandoning module SequenceRecorderSections (112)
[2016.07.02-05.20.21:238][631]LogModuleManager: Shutting down and abandoning module SequenceRecorder (111)
[2016.07.02-05.20.21:238][631]LogModuleManager: Shutting down and abandoning module AutomationController (110)
[2016.07.02-05.20.21:238][631]LogModuleManager: Shutting down and abandoning module AutomationWorker (109)
[2016.07.02-05.20.21:239][631]LogModuleManager: Shutting down and abandoning module CharacterAI (108)
[2016.07.02-05.20.21:239][631]LogModuleManager: Shutting down and abandoning module SessionServices (107)
[2016.07.02-05.20.21:239][631]LogModuleManager: Shutting down and abandoning module GameplayDebugger (106)
[2016.07.02-05.20.21:239][631]LogModuleManager: Shutting down and abandoning module AITestSuite (105)
[2016.07.02-05.20.21:239][631]LogModuleManager: Shutting down and abandoning module AIModule (104)
[2016.07.02-05.20.21:239][631]LogModuleManager: Shutting down and abandoning module MovieSceneCapture (103)
[2016.07.02-05.20.21:239][631]LogModuleManager: Shutting down and abandoning module StreamingPauseRendering (102)
[2016.07.02-05.20.21:239][631]LogModuleManager: Shutting down and abandoning module PortalServices (101)
[2016.07.02-05.20.21:239][631]LogModuleManager: Shutting down and abandoning module PortalRpc (100)
[2016.07.02-05.20.21:239][631]LogModuleManager: Shutting down and abandoning module MessagingRpc (99)
[2016.07.02-05.20.21:239][631]LogModuleManager: Shutting down and abandoning module ProfilerService (98)
[2016.07.02-05.20.21:425][631]LogModuleManager: Shutting down and abandoning module TaskGraph (97)
[2016.07.02-05.20.21:425][631]LogModuleManager: Shutting down and abandoning module SlateRemote (96)
[2016.07.02-05.20.21:425][631]LogModuleManager: Shutting down and abandoning module SteamVRController (95)
[2016.07.02-05.20.21:425][631]LogModuleManager: Shutting down and abandoning module SteamVR (94)
[2016.07.02-05.20.21:425][631]LogModuleManager: Shutting down and abandoning module ProceduralMeshComponent (93)
[2016.07.02-05.20.21:425][631]LogModuleManager: Shutting down and abandoning module OculusLibrary (92)
[2016.07.02-05.20.21:425][631]LogModuleManager: Shutting down and abandoning module OculusInput (91)
[2016.07.02-05.20.21:425][631]LogModuleManager: Shutting down and abandoning module CustomMeshComponent (90)
[2016.07.02-05.20.21:425][631]LogModuleManager: Shutting down and abandoning module CableComponent (89)
[2016.07.02-05.20.21:425][631]LogModuleManager: Shutting down and abandoning module ArchVisCharacter (88)
[2016.07.02-05.20.21:425][631]LogModuleManager: Shutting down and abandoning module HTML5Networking (87)
[2016.07.02-05.20.21:425][631]LogModuleManager: Shutting down and abandoning module DesktopPlatform (86)
[2016.07.02-05.20.21:425][631]LogModuleManager: Shutting down and abandoning module DirectoryWatcher (85)
[2016.07.02-05.20.21:425][631]LogModuleManager: Shutting down and abandoning module HotReload (84)
[2016.07.02-05.20.21:426][631]LogModuleManager: Shutting down and abandoning module VisualStudioSourceCodeAccess (83)
[2016.07.02-05.20.21:426][631]LogModuleManager: Shutting down and abandoning module UObjectPlugin (82)
[2016.07.02-05.20.21:426][631]LogModuleManager: Shutting down and abandoning module SubversionSourceControl (81)
[2016.07.02-05.20.21:426][631]LogModuleManager: Shutting down and abandoning module SourceControl (80)
[2016.07.02-05.20.21:426][631]LogModuleManager: Shutting down and abandoning module PerforceSourceControl (79)
[2016.07.02-05.20.21:426][631]LogModuleManager: Shutting down and abandoning module UdpMessaging (78)
[2016.07.02-05.20.21:526][631]LogModuleManager: Shutting down and abandoning module LightPropagationVolumeRuntime (77)
[2016.07.02-05.20.21:527][631]LogModuleManager: Shutting down and abandoning module Paper2D (76)
[2016.07.02-05.20.21:527][631]LogModuleManager: Shutting down and abandoning module WindowsMoviePlayer (75)
[2016.07.02-05.20.21:527][631]LogModuleManager: Shutting down and abandoning module Media (74)
[2016.07.02-05.20.21:527][631]LogModuleManager: Shutting down and abandoning module WmfMedia (73)
[2016.07.02-05.20.21:528][631]LogModuleManager: Shutting down and abandoning module MediaAssets (72)
[2016.07.02-05.20.21:528][631]LogModuleManager: Shutting down and abandoning module GameLiveStreaming (71)
[2016.07.02-05.20.21:528][631]LogModuleManager: Shutting down and abandoning module GameplayTagsEditor (70)
[2016.07.02-05.20.21:528][631]LogModuleManager: Shutting down and abandoning module OnlineBlueprintSupport (69)
[2016.07.02-05.20.21:528][631]LogModuleManager: Shutting down and abandoning module VREditor (68)
[2016.07.02-05.20.21:528][631]LogModuleManager: Shutting down and abandoning module GameplayTasksEditor (67)
[2016.07.02-05.20.21:528][631]LogModuleManager: Shutting down and abandoning module PropertyEditor (66)
[2016.07.02-05.20.21:528][631]LogModuleManager: Shutting down and abandoning module BehaviorTreeEditor (65)
[2016.07.02-05.20.21:528][631]LogModuleManager: Shutting down and abandoning module FunctionalTesting (64)
[2016.07.02-05.20.21:528][631]LogModuleManager: Shutting down and abandoning module CollisionAnalyzer (63)
[2016.07.02-05.20.21:528][631]LogModuleManager: Shutting down and abandoning module Sequencer (62)
[2016.07.02-05.20.21:528][631]LogModuleManager: Shutting down and abandoning module WorkspaceMenuStructure (61)
[2016.07.02-05.20.21:528][631]LogModuleManager: Shutting down and abandoning module MessageLog (60)
[2016.07.02-05.20.21:528][631]LogModuleManager: Shutting down and abandoning module AssetTools (59)
[2016.07.02-05.20.21:529][631]LogModuleManager: Shutting down and abandoning module UMGEditor (58)
[2016.07.02-05.20.21:529][631]LogModuleManager: Shutting down and abandoning module UMG (57)
[2016.07.02-05.20.21:529][631]LogModuleManager: Shutting down and abandoning module SlateReflector (56)
[2016.07.02-05.20.21:529][631]LogModuleManager: Shutting down and abandoning module Slate (55)
[2016.07.02-05.20.21:529][631]LogModuleManager: Shutting down and abandoning module EditorStyle (54)
[2016.07.02-05.20.21:534][631]LogModuleManager: Shutting down and abandoning module Messaging (53)
[2016.07.02-05.20.21:534][631]LogModuleManager: Shutting down and abandoning module SourceCodeAccess (52)
[2016.07.02-05.20.21:534][631]LogModuleManager: Shutting down and abandoning module HeadMountedDisplay (51)
[2016.07.02-05.20.21:534][631]LogModuleManager: Shutting down and abandoning module XAudio2 (50)
[2016.07.02-05.20.21:535][631]LogModuleManager: Shutting down and abandoning module Networking (48)
[2016.07.02-05.20.21:535][631]LogModuleManager: Shutting down and abandoning module Core (47)
[2016.07.02-05.20.21:535][631]LogModuleManager: Shutting down and abandoning module KismetCompiler (46)
[2016.07.02-05.20.21:535][631]LogModuleManager: Shutting down and abandoning module PhysXFormats (45)
[2016.07.02-05.20.21:535][631]LogModuleManager: Shutting down and abandoning module MeshUtilities (44)
[2016.07.02-05.20.21:535][631]LogModuleManager: Shutting down and abandoning module AssetRegistry (43)
[2016.07.02-05.20.21:535][631]LogModuleManager: Shutting down and abandoning module DerivedDataCache (42)
[2016.07.02-05.20.21:585][631]LogDerivedDataCache: Shutdown
[2016.07.02-05.20.21:585][631]LogModuleManager: Shutting down and abandoning module VulkanShaderFormat (41)
[2016.07.02-05.20.21:585][631]LogModuleManager: Shutting down and abandoning module ShaderFormatOpenGL (40)
[2016.07.02-05.20.21:585][631]LogModuleManager: Shutting down and abandoning module ShaderFormatD3D (39)
[2016.07.02-05.20.21:585][631]LogModuleManager: Shutting down and abandoning module MetalShaderFormat (38)
[2016.07.02-05.20.21:585][631]LogModuleManager: Shutting down and abandoning module TextureFormatUncompressed (37)
[2016.07.02-05.20.21:585][631]LogModuleManager: Shutting down and abandoning module TextureFormatPVR (36)
[2016.07.02-05.20.21:585][631]LogModuleManager: Shutting down and abandoning module TextureFormatIntelISPCTexComp (35)
[2016.07.02-05.20.21:585][631]LogModuleManager: Shutting down and abandoning module TextureFormatDXT (34)
[2016.07.02-05.20.21:585][631]LogModuleManager: Shutting down and abandoning module ImageWrapper (33)
[2016.07.02-05.20.21:586][631]LogModuleManager: Shutting down and abandoning module TextureFormatASTC (32)
[2016.07.02-05.20.21:586][631]LogModuleManager: Shutting down and abandoning module TextureFormatAndroid (31)
[2016.07.02-05.20.21:586][631]LogModuleManager: Shutting down and abandoning module AudioFormatOpus (30)
[2016.07.02-05.20.21:586][631]LogModuleManager: Shutting down and abandoning module AudioFormatOgg (29)
[2016.07.02-05.20.21:586][631]LogModuleManager: Shutting down and abandoning module AudioFormatADPCM (28)
[2016.07.02-05.20.21:586][631]LogModuleManager: Shutting down and abandoning module WindowsTargetPlatform (27)
[2016.07.02-05.20.21:586][631]LogModuleManager: Shutting down and abandoning module WindowsServerTargetPlatform (26)
[2016.07.02-05.20.21:586][631]LogModuleManager: Shutting down and abandoning module WindowsNoEditorTargetPlatform (25)
[2016.07.02-05.20.21:586][631]LogModuleManager: Shutting down and abandoning module WindowsClientTargetPlatform (24)
[2016.07.02-05.20.21:586][631]LogModuleManager: Shutting down and abandoning module TargetPlatform (23)
[2016.07.02-05.20.21:586][631]LogModuleManager: Shutting down and abandoning module InputCore (22)
[2016.07.02-05.20.21:586][631]LogModuleManager: Shutting down and abandoning module Settings (21)
[2016.07.02-05.20.21:586][631]LogModuleManager: Shutting down and abandoning module OnlineSubsystem (19)
[2016.07.02-05.20.21:586][631]LogModuleManager: Shutting down and abandoning module HTTP (18)
[2016.07.02-05.20.21:586][631]LogModuleManager: Shutting down and abandoning module XMPP (17)
[2016.07.02-05.20.21:586][631]LogModuleManager: Shutting down and abandoning module OculusRift (16)
[2016.07.02-05.20.21:586][631]LogModuleManager: Shutting down and abandoning module ExampleDeviceProfileSelector (15)
[2016.07.02-05.20.21:586][631]LogModuleManager: Shutting down and abandoning module TextureCompressor (14)
[2016.07.02-05.20.21:586][631]LogModuleManager: Shutting down and abandoning module ShaderCore (13)
[2016.07.02-05.20.21:586][631]LogModuleManager: Shutting down and abandoning module Landscape (12)
[2016.07.02-05.20.21:586][631]LogModuleManager: Shutting down and abandoning module SlateRHIRenderer (11)
[2016.07.02-05.20.21:586][631]LogModuleManager: Shutting down and abandoning module OpenGLDrv (10)
[2016.07.02-05.20.21:586][631]LogModuleManager: Shutting down and abandoning module D3D11RHI (9)
[2016.07.02-05.20.21:586][631]LogModuleManager: Shutting down and abandoning module AnimGraphRuntime (8)
[2016.07.02-05.20.21:586][631]LogModuleManager: Shutting down and abandoning module Renderer (7)
[2016.07.02-05.20.21:586][631]LogModuleManager: Shutting down and abandoning module Engine (6)
[2016.07.02-05.20.21:586][631]LogModuleManager: Shutting down and abandoning module CoreUObject (5)
[2016.07.02-05.20.21:586][631]LogModuleManager: Shutting down and abandoning module NetworkFile (4)
[2016.07.02-05.20.21:587][631]LogModuleManager: Shutting down and abandoning module StreamingFile (3)
[2016.07.02-05.20.21:587][631]LogModuleManager: Shutting down and abandoning module SandboxFile (2)
[2016.07.02-05.20.21:587][631]LogModuleManager: Shutting down and abandoning module PakFile (1)
[2016.07.02-05.20.21:589][631]LogExit: Exiting.
[2016.07.02-05.20.21:592][631]Log file closed, 07/02/16 01:20:21
